Using pre-set license
Built from '2020.3/staging' branch; Version is '2020.3.5f1 (8095aa901b9b) revision 8426922'; Using compiler version '192528614'; Build Type 'Release'
OS: 'Windows 10 Home; OS build 19042.1288; Version 2009; 64bit' Language: 'en' Physical Memory: 16333 MB
BatchMode: 1, IsHumanControllingUs: 0, StartBugReporterOnCrash: 0, Is64bit: 1, IsPro: 0

 COMMAND LINE ARGUMENTS:
C:\Program Files\Unity\Hub\Editor\2020.3.5f1\Editor\Unity.exe
-adb2
-batchMode
-noUpm
-name
AssetImportWorker0
-projectPath
C:/Users/gabri/Desktop/tbh/the_black_hand
-logFile
Logs/AssetImportWorker0.log
-srvPort
58695
Successfully changed project path to: C:/Users/gabri/Desktop/tbh/the_black_hand
C:/Users/gabri/Desktop/tbh/the_black_hand
Using Asset Import Pipeline V2.
Refreshing native plugins compatible for Editor in 37.75 ms, found 1 plugins.
Preloading 0 native plugins for Editor in 0.00 ms.
Initialize engine version: 2020.3.5f1 (8095aa901b9b)
[Subsystems] Discovering subsystems at path C:/Program Files/Unity/Hub/Editor/2020.3.5f1/Editor/Data/Resources/UnitySubsystems
[Subsystems] Discovering subsystems at path C:/Users/gabri/Desktop/tbh/the_black_hand/Assets
GfxDevice: creating device client; threaded=0
Direct3D:
    Version:  Direct3D 11.0 [level 11.1]
    Renderer: NVIDIA GeForce GTX 1660 SUPER (ID=0x21c4)
    Vendor:   
    VRAM:     5991 MB
    Driver:   27.21.14.6647
Initialize mono
Mono path[0] = 'C:/Program Files/Unity/Hub/Editor/2020.3.5f1/Editor/Data/Managed'
Mono path[1] = 'C:/Program Files/Unity/Hub/Editor/2020.3.5f1/Editor/Data/MonoBleedingEdge/lib/mono/unityjit'
Mono config path = 'C:/Program Files/Unity/Hub/Editor/2020.3.5f1/Editor/Data/MonoBleedingEdge/etc'
Using monoOptions --debugger-agent=transport=dt_socket,embedding=1,server=y,suspend=n,address=127.0.0.1:56536
Begin MonoManager ReloadAssembly
Registering precompiled unity dll's ...
Register platform support module: C:/Program Files/Unity/Hub/Editor/2020.3.5f1/Editor/Data/PlaybackEngines/WindowsStandaloneSupport/UnityEditor.WindowsStandalone.Extensions.dll
Registered in 0.001801 seconds.
Native extension for WindowsStandalone target not found
Refreshing native plugins compatible for Editor in 44.83 ms, found 1 plugins.
Preloading 0 native plugins for Editor in 0.00 ms.
Mono: successfully reloaded assembly
- Completed reload, in  0.952 seconds
Platform modules already initialized, skipping
Registering precompiled user dll's ...
Registered in 0.001963 seconds.
Begin MonoManager ReloadAssembly
Native extension for WindowsStandalone target not found
Refreshing native plugins compatible for Editor in 36.73 ms, found 1 plugins.
Preloading 0 native plugins for Editor in 0.00 ms.
Mono: successfully reloaded assembly
- Completed reload, in  0.796 seconds
Platform modules already initialized, skipping
========================================================================
Worker process is ready to serve import requests
Launched and connected shader compiler UnityShaderCompiler.exe after 0.04 seconds
Refreshing native plugins compatible for Editor in 0.45 ms, found 1 plugins.
Preloading 0 native plugins for Editor in 0.00 ms.
Unloading 2032 Unused Serialized files (Serialized files now loaded: 0)
System memory in use before: 93.9 MB.
System memory in use after: 93.8 MB.

Unloading 28 unused Assets to reduce memory usage. Loaded Objects now: 2471.
Total: 2.340200 ms (FindLiveObjects: 0.245800 ms CreateObjectMapping: 0.050600 ms MarkObjects: 1.905700 ms  DeleteObjects: 0.136900 ms)

========================================================================
Received Import Request.
  path: Assets/Clean Vector Icons/T_0_empty_.png
  artifactKey: Guid(6b6fd3f59ae45864286df43a2671b9f8) Importer(815301076,1909f56bfc062723c751e8b465ee728b)
Start importing Assets/Clean Vector Icons/T_0_empty_.png using Guid(6b6fd3f59ae45864286df43a2671b9f8) Importer(815301076,1909f56bfc062723c751e8b465ee728b)  -> (artifact id: 'c8e1d7f5fa535eb77062babb24c44be9') in 0.109613 seconds
  Import took 0.113015 seconds .

========================================================================
Received Import Request.
  Time since last request: 0.000244 seconds.
  path: Assets/Clean Vector Icons/T_1_eye_.png
  artifactKey: Guid(5c27fc79dd2011c4ab50f507f7cfb7af) Importer(815301076,1909f56bfc062723c751e8b465ee728b)
Start importing Assets/Clean Vector Icons/T_1_eye_.png using Guid(5c27fc79dd2011c4ab50f507f7cfb7af) Importer(815301076,1909f56bfc062723c751e8b465ee728b)  -> (artifact id: 'a4d5d7c9b6e09f5e933b3b8a0352e6fe') in 0.011546 seconds
  Import took 0.014443 seconds .

========================================================================
Received Import Request.
  Time since last request: 0.000178 seconds.
  path: Assets/Clean Vector Icons/T_9_silhouette_+_.png
  artifactKey: Guid(5639e7536f629884f907d06a418a7da6) Importer(815301076,1909f56bfc062723c751e8b465ee728b)
Start importing Assets/Clean Vector Icons/T_9_silhouette_+_.png using Guid(5639e7536f629884f907d06a418a7da6) Importer(815301076,1909f56bfc062723c751e8b465ee728b)  -> (artifact id: 'a8d1cfe33b9c89c4ca3421aedc42592e') in 0.010578 seconds
  Import took 0.013439 seconds .

========================================================================
Received Import Request.
  Time since last request: 0.000200 seconds.
  path: Assets/Clean Vector Icons/T_23_gear_.png
  artifactKey: Guid(9a58f5069a59d1644b55a5aadc5dd58b) Importer(815301076,1909f56bfc062723c751e8b465ee728b)
Start importing Assets/Clean Vector Icons/T_23_gear_.png using Guid(9a58f5069a59d1644b55a5aadc5dd58b) Importer(815301076,1909f56bfc062723c751e8b465ee728b)  -> (artifact id: '08d590372a67e106791b7b24869e15a3') in 0.010896 seconds
  Import took 0.013768 seconds .

========================================================================
Received Import Request.
  Time since last request: 0.000181 seconds.
  path: Assets/Clean Vector Icons/T_2_eye_light_.png
  artifactKey: Guid(0d6fe719ca1a6304b86fd5a8d517fa48) Importer(815301076,1909f56bfc062723c751e8b465ee728b)
Start importing Assets/Clean Vector Icons/T_2_eye_light_.png using Guid(0d6fe719ca1a6304b86fd5a8d517fa48) Importer(815301076,1909f56bfc062723c751e8b465ee728b)  -> (artifact id: 'fe4f1fc1de993cdc7fa95a27f3f0e356') in 0.011046 seconds
  Import took 0.013862 seconds .

========================================================================
Received Import Request.
  Time since last request: 0.000207 seconds.
  path: Assets/Clean Vector Icons/T_1_magnifier_.png
  artifactKey: Guid(4800731ef4eae344c85a8e9b24fb7278) Importer(815301076,1909f56bfc062723c751e8b465ee728b)
Start importing Assets/Clean Vector Icons/T_1_magnifier_.png using Guid(4800731ef4eae344c85a8e9b24fb7278) Importer(815301076,1909f56bfc062723c751e8b465ee728b)  -> (artifact id: '3b2a61fdf5ac291344c4b8cadc81884a') in 0.010594 seconds
  Import took 0.013644 seconds .

========================================================================
Received Import Request.
  Time since last request: 0.000184 seconds.
  path: Assets/Clean Vector Icons/T_12_spit_.png
  artifactKey: Guid(2c4df9274f4db1f4eb7118e0b06c4554) Importer(815301076,1909f56bfc062723c751e8b465ee728b)
Start importing Assets/Clean Vector Icons/T_12_spit_.png using Guid(2c4df9274f4db1f4eb7118e0b06c4554) Importer(815301076,1909f56bfc062723c751e8b465ee728b)  -> (artifact id: '12a2c054c80d68d5e3c66e213b0e5281') in 0.010311 seconds
  Import took 0.013487 seconds .

========================================================================
Received Import Request.
  Time since last request: 0.000192 seconds.
  path: Assets/Clean Vector Icons/T_2_column_cross_.png
  artifactKey: Guid(11e3d102a51b3e1409ff67d202690d8b) Importer(815301076,1909f56bfc062723c751e8b465ee728b)
Start importing Assets/Clean Vector Icons/T_2_column_cross_.png using Guid(11e3d102a51b3e1409ff67d202690d8b) Importer(815301076,1909f56bfc062723c751e8b465ee728b)  -> (artifact id: '0532c17017aaad02428ae729987b760e') in 0.011278 seconds
  Import took 0.013985 seconds .

========================================================================
Received Import Request.
  Time since last request: 0.000230 seconds.
  path: Assets/Clean Vector Icons/T_7_head_scull_enemy_.png
  artifactKey: Guid(e5da668c6557abb47a17a303cf69943f) Importer(815301076,1909f56bfc062723c751e8b465ee728b)
Start importing Assets/Clean Vector Icons/T_7_head_scull_enemy_.png using Guid(e5da668c6557abb47a17a303cf69943f) Importer(815301076,1909f56bfc062723c751e8b465ee728b)  -> (artifact id: '924c31df963eb8edc07f34365a156842') in 0.011092 seconds
  Import took 0.014272 seconds .

========================================================================
Received Import Request.
  Time since last request: 0.000193 seconds.
  path: Assets/Clean Vector Icons/T_10_hand_fire_.png
  artifactKey: Guid(9c1bd758ff5093a428bf7013bb9aac33) Importer(815301076,1909f56bfc062723c751e8b465ee728b)
Start importing Assets/Clean Vector Icons/T_10_hand_fire_.png using Guid(9c1bd758ff5093a428bf7013bb9aac33) Importer(815301076,1909f56bfc062723c751e8b465ee728b)  -> (artifact id: 'dee51b793dd6916aa8ccca89873a86e6') in 0.011311 seconds
  Import took 0.014074 seconds .

========================================================================
Received Import Request.
  Time since last request: 0.000206 seconds.
  path: Assets/Clean Vector Icons/T_6_head_scull_.png
  artifactKey: Guid(8066e15c4e3df6e4f9806f9d5f71e70a) Importer(815301076,1909f56bfc062723c751e8b465ee728b)
Start importing Assets/Clean Vector Icons/T_6_head_scull_.png using Guid(8066e15c4e3df6e4f9806f9d5f71e70a) Importer(815301076,1909f56bfc062723c751e8b465ee728b)  -> (artifact id: '7158d873c182bcf11360bcb747aca959') in 0.010827 seconds
  Import took 0.014095 seconds .

========================================================================
Received Import Request.
  Time since last request: 0.000184 seconds.
  path: Assets/Clean Vector Icons/T_16_crown_.png
  artifactKey: Guid(dba0c48d5a7e35f4bb87f2e8b57499d0) Importer(815301076,1909f56bfc062723c751e8b465ee728b)
Start importing Assets/Clean Vector Icons/T_16_crown_.png using Guid(dba0c48d5a7e35f4bb87f2e8b57499d0) Importer(815301076,1909f56bfc062723c751e8b465ee728b)  -> (artifact id: '444a9f06e8983f597b74b8c9e08a9420') in 0.010657 seconds
  Import took 0.013714 seconds .

========================================================================
Received Import Request.
  Time since last request: 0.000188 seconds.
  path: Assets/Clean Vector Icons/T_9_kunai_.png
  artifactKey: Guid(9b0be4ef9a8e4b34eaa96ebc919f52a0) Importer(815301076,1909f56bfc062723c751e8b465ee728b)
Start importing Assets/Clean Vector Icons/T_9_kunai_.png using Guid(9b0be4ef9a8e4b34eaa96ebc919f52a0) Importer(815301076,1909f56bfc062723c751e8b465ee728b)  -> (artifact id: 'aa6cc5d4f4842019cd56a03d047b7484') in 0.010776 seconds
  Import took 0.013795 seconds .

========================================================================
Received Import Request.
  Time since last request: 0.000195 seconds.
  path: Assets/Clean Vector Icons/T_11_silhouette_heart_.png
  artifactKey: Guid(eefd57e8b57cd814ebc86925f3a4a109) Importer(815301076,1909f56bfc062723c751e8b465ee728b)
Start importing Assets/Clean Vector Icons/T_11_silhouette_heart_.png using Guid(eefd57e8b57cd814ebc86925f3a4a109) Importer(815301076,1909f56bfc062723c751e8b465ee728b)  -> (artifact id: '0ecf57bcaea8f1af2a40bd3e50dde0c2') in 0.011464 seconds
  Import took 0.014380 seconds .

========================================================================
Received Import Request.
  Time since last request: 0.000198 seconds.
  path: Assets/Clean Vector Icons/T_8_pause_.png
  artifactKey: Guid(a1bda28f797f71c4db09f6a0d4af4759) Importer(815301076,1909f56bfc062723c751e8b465ee728b)
Start importing Assets/Clean Vector Icons/T_8_pause_.png using Guid(a1bda28f797f71c4db09f6a0d4af4759) Importer(815301076,1909f56bfc062723c751e8b465ee728b)  -> (artifact id: '664fb18326c94dd9ce82cc261c6fac8e') in 0.011208 seconds
  Import took 0.014220 seconds .

========================================================================
Received Import Request.
  Time since last request: 0.000191 seconds.
  path: Assets/Clean Vector Icons/T_5_sword_.png
  artifactKey: Guid(a59d6029d282ea148bf57966b0c2401e) Importer(815301076,1909f56bfc062723c751e8b465ee728b)
Start importing Assets/Clean Vector Icons/T_5_sword_.png using Guid(a59d6029d282ea148bf57966b0c2401e) Importer(815301076,1909f56bfc062723c751e8b465ee728b)  -> (artifact id: '4c835176ebd937554d9a89374387ae92') in 0.011727 seconds
  Import took 0.014480 seconds .

========================================================================
Received Import Request.
  Time since last request: 0.000182 seconds.
  path: Assets/Clean Vector Icons/T_7_bottle_heal_.png
  artifactKey: Guid(8747fbd096b50834ab608c29a3c05bcc) Importer(815301076,1909f56bfc062723c751e8b465ee728b)
Start importing Assets/Clean Vector Icons/T_7_bottle_heal_.png using Guid(8747fbd096b50834ab608c29a3c05bcc) Importer(815301076,1909f56bfc062723c751e8b465ee728b)  -> (artifact id: '7af14e6dbb963a8ef9430ec99cbb963f') in 0.011326 seconds
  Import took 0.014302 seconds .

========================================================================
Received Import Request.
  Time since last request: 0.000185 seconds.
  path: Assets/Clean Vector Icons/T_12_ok_.png
  artifactKey: Guid(de50d1f4106f65545921a17c92cf0250) Importer(815301076,1909f56bfc062723c751e8b465ee728b)
Start importing Assets/Clean Vector Icons/T_12_ok_.png using Guid(de50d1f4106f65545921a17c92cf0250) Importer(815301076,1909f56bfc062723c751e8b465ee728b)  -> (artifact id: '59906eb2cc65e19b1a6ab251054dfb30') in 0.010167 seconds
  Import took 0.012844 seconds .

========================================================================
Received Import Request.
  Time since last request: 0.000209 seconds.
  path: Assets/Clean Vector Icons/T_11_no_.png
  artifactKey: Guid(4d2a4136ebef6f041b43fdca42412caa) Importer(815301076,1909f56bfc062723c751e8b465ee728b)
Start importing Assets/Clean Vector Icons/T_11_no_.png using Guid(4d2a4136ebef6f041b43fdca42412caa) Importer(815301076,1909f56bfc062723c751e8b465ee728b)  -> (artifact id: 'b0dab4851fc87a0baa166c388a9bf678') in 0.011480 seconds
  Import took 0.014624 seconds .

========================================================================
Received Import Request.
  Time since last request: 0.000176 seconds.
  path: Assets/Clean Vector Icons/T_13_axe_.png
  artifactKey: Guid(b3a100d8344187049b3f8b5c9e5aba88) Importer(815301076,1909f56bfc062723c751e8b465ee728b)
Start importing Assets/Clean Vector Icons/T_13_axe_.png using Guid(b3a100d8344187049b3f8b5c9e5aba88) Importer(815301076,1909f56bfc062723c751e8b465ee728b)  -> (artifact id: 'cae72d26e7f07be4bed4cd012aeeab6b') in 0.011056 seconds
  Import took 0.013890 seconds .

========================================================================
Received Import Request.
  Time since last request: 0.000245 seconds.
  path: Assets/Clean Vector Icons/T_27_grave_.png
  artifactKey: Guid(ea48f42d704ced14b89d95cf206a788f) Importer(815301076,1909f56bfc062723c751e8b465ee728b)
Start importing Assets/Clean Vector Icons/T_27_grave_.png using Guid(ea48f42d704ced14b89d95cf206a788f) Importer(815301076,1909f56bfc062723c751e8b465ee728b)  -> (artifact id: 'b8f7788f58978ee975eee0376c5d87fe') in 0.011503 seconds
  Import took 0.014164 seconds .

========================================================================
Received Import Request.
  Time since last request: 24.599565 seconds.
  path: Assets/Photos/Black Hand.jpg
  artifactKey: Guid(5cf01f745dece4e688c18512dd214dae) Importer(815301076,1909f56bfc062723c751e8b465ee728b)
Start importing Assets/Photos/Black Hand.jpg using Guid(5cf01f745dece4e688c18512dd214dae) Importer(815301076,1909f56bfc062723c751e8b465ee728b)  -> (artifact id: '9877bd4efeb831c516c15e7fd7066332') in 0.014653 seconds
  Import took 0.017887 seconds .

========================================================================
Received Import Request.
  Time since last request: 0.000225 seconds.
  path: Assets/Photos/istockphoto-165683622-170667a.jpg
  artifactKey: Guid(052000ad79a024f8cac87573ecca50b8) Importer(815301076,1909f56bfc062723c751e8b465ee728b)
Start importing Assets/Photos/istockphoto-165683622-170667a.jpg using Guid(052000ad79a024f8cac87573ecca50b8) Importer(815301076,1909f56bfc062723c751e8b465ee728b)  -> (artifact id: '5eff7bad4419f34d0344f35fc83a381a') in 0.023650 seconds
  Import took 0.027027 seconds .

========================================================================
Received Import Request.
  Time since last request: 3.996475 seconds.
  path: Assets/Scenes/GameView.unity
  artifactKey: Guid(2cda990e2423bbf4892e6590ba056729) Importer(815301076,1909f56bfc062723c751e8b465ee728b)
Start importing Assets/Scenes/GameView.unity using Guid(2cda990e2423bbf4892e6590ba056729) Importer(815301076,1909f56bfc062723c751e8b465ee728b)  -> (artifact id: '28e8be3c97a867efa98a7e064ad7ea16') in 0.007663 seconds
  Import took 0.011375 seconds .

========================================================================
Received Import Request.
  Time since last request: 0.000279 seconds.
  path: Assets/Scenes/GameView.unity
  artifactKey: Guid(2cda990e2423bbf4892e6590ba056729) Importer(815301076,1909f56bfc062723c751e8b465ee728b)
Start importing Assets/Scenes/GameView.unity using Guid(2cda990e2423bbf4892e6590ba056729) Importer(815301076,1909f56bfc062723c751e8b465ee728b)  -> (artifact id: '28e8be3c97a867efa98a7e064ad7ea16') in 0.002616 seconds
  Import took 0.005557 seconds .

========================================================================
Received Import Request.
  Time since last request: 225.680106 seconds.
  path: ProjectSettings/TagManager.asset
  artifactKey: Guid(00000000000000003000000000000000) Importer(815301076,1909f56bfc062723c751e8b465ee728b)
Start importing ProjectSettings/TagManager.asset using Guid(00000000000000003000000000000000) Importer(815301076,1909f56bfc062723c751e8b465ee728b)  -> (artifact id: 'ac9752858805a5fe79c257cb169b8cb4') in 0.009415 seconds
  Import took 0.012804 seconds .

